<?xml version="1.0" encoding="UTF-8"?>
<!-- Generated by org.testng.reporters.JUnitReportReporter -->
<testsuite hostname="MBA0224.local" failures="0" tests="2" name="com.nopcommerce.user.Page_Object" time="5.354" errors="0" timestamp="05 Dec 2021 07:42:27 GMT" skipped="0">
  <testcase classname="com.nopcommerce.user.Page_Object" name="Register_06_Password_Not_Match_With_ConfirmPassword" time="2.369"/>
  <testcase classname="com.nopcommerce.user.Page_Object" name="Register_05_Password_Less_Than_Six_Characters" time="2.985"/>
</testsuite> <!-- com.nopcommerce.user.Page_Object -->
