<?xml version="1.0" encoding="UTF-8"?>
<!-- Generated by org.testng.reporters.JUnitReportReporter -->
<testsuite hostname="MBA0224.local" failures="0" tests="2" name="com.nopcommerce.user.Page_Object" time="6.165" errors="0" timestamp="01 Dec 2021 12:22:27 GMT" skipped="0">
  <testcase classname="com.nopcommerce.user.Page_Object" name="TC02_Register_Invalid_Email" time="2.607"/>
  <testcase classname="com.nopcommerce.user.Page_Object" name="TC03_Register_Success" time="3.558"/>
</testsuite> <!-- com.nopcommerce.user.Page_Object -->
